2018-02-14 09:00:21 URL:https://developers.facebook.com/docs/graph-api/reference/ [832735] -> "developers.facebook.com/docs/graph-api/reference/index.html" [1]
2018-02-14 09:00:21 URL:https://developers.facebook.com/robots.txt [773] -> "developers.facebook.com/robots.txt" [1]
2018-02-14 09:00:25 URL:https://developers.facebook.com/docs/graph-api/reference/?_fb_noscript=1 [834170] -> "developers.facebook.com/docs/graph-api/reference/index.html?_fb_noscript=1" [1]
2018-02-14 09:00:29 URL:https://developers.facebook.com/docs/graph-api/reference/achievement [832887] -> "developers.facebook.com/docs/graph-api/reference/achievement" [1]
2018-02-14 09:00:33 URL:https://developers.facebook.com/docs/graph-api/reference/achievement_type [832010] -> "developers.facebook.com/docs/graph-api/reference/achievement_type" [1]
2018-02-14 09:00:40 URL:https://developers.facebook.com/docs/graph-api/reference/album [835424] -> "developers.facebook.com/docs/graph-api/reference/album" [1]
2018-02-14 09:00:44 URL:https://developers.facebook.com/docs/graph-api/reference/analytics-app-events-export [833746] -> "developers.facebook.com/docs/graph-api/reference/analytics-app-events-export" [1]
2018-02-14 09:00:47 URL:https://developers.facebook.com/docs/graph-api/reference/app-link-host [806787] -> "developers.facebook.com/docs/graph-api/reference/app-link-host" [1]
2018-02-14 09:00:55 URL:https://developers.facebook.com/docs/graph-api/reference/app-request [833518] -> "developers.facebook.com/docs/graph-api/reference/app-request" [1]
2018-02-14 09:00:59 URL:https://developers.facebook.com/docs/graph-api/reference/application [871623] -> "developers.facebook.com/docs/graph-api/reference/application" [1]
2018-02-14 09:01:04 URL:https://developers.facebook.com/docs/graph-api/reference/application-context [829692] -> "developers.facebook.com/docs/graph-api/reference/application-context" [1]
2018-02-14 09:01:08 URL:https://developers.facebook.com/docs/graph-api/reference/audience-insights-rule [828108] -> "developers.facebook.com/docs/graph-api/reference/audience-insights-rule" [1]
2018-02-14 09:01:14 URL:https://developers.facebook.com/docs/graph-api/reference/canvas-button [832396] -> "developers.facebook.com/docs/graph-api/reference/canvas-button" [1]
2018-02-14 09:01:18 URL:https://developers.facebook.com/docs/graph-api/reference/canvas-carousel [829100] -> "developers.facebook.com/docs/graph-api/reference/canvas-carousel" [1]
2018-02-14 09:01:22 URL:https://developers.facebook.com/docs/graph-api/reference/canvas-footer [828285] -> "developers.facebook.com/docs/graph-api/reference/canvas-footer" [1]
2018-02-14 09:01:26 URL:https://developers.facebook.com/docs/graph-api/reference/canvas-header [828742] -> "developers.facebook.com/docs/graph-api/reference/canvas-header" [1]
2018-02-14 09:01:31 URL:https://developers.facebook.com/docs/graph-api/reference/canvas-photo [831055] -> "developers.facebook.com/docs/graph-api/reference/canvas-photo" [1]
2018-02-14 09:01:36 URL:https://developers.facebook.com/docs/graph-api/reference/canvas-product-set [831290] -> "developers.facebook.com/docs/graph-api/reference/canvas-product-set" [1]
2018-02-14 09:01:42 URL:https://developers.facebook.com/docs/graph-api/reference/canvas-store-locator [833544] -> "developers.facebook.com/docs/graph-api/reference/canvas-store-locator" [1]
2018-02-14 09:01:47 URL:https://developers.facebook.com/docs/graph-api/reference/canvas-text [830541] -> "developers.facebook.com/docs/graph-api/reference/canvas-text" [1]
2018-02-14 09:01:53 URL:https://developers.facebook.com/docs/graph-api/reference/canvas-video [829029] -> "developers.facebook.com/docs/graph-api/reference/canvas-video" [1]
2018-02-14 09:01:58 URL:https://developers.facebook.com/docs/graph-api/reference/comment [856650] -> "developers.facebook.com/docs/graph-api/reference/comment" [1]
2018-02-14 09:02:04 URL:https://developers.facebook.com/docs/graph-api/reference/conversation [840023] -> "developers.facebook.com/docs/graph-api/reference/conversation" [1]
2018-02-14 09:02:08 URL:https://developers.facebook.com/docs/graph-api/reference/doc [829750] -> "developers.facebook.com/docs/graph-api/reference/doc" [1]
2018-02-14 09:02:11 URL:https://developers.facebook.com/docs/graph-api/reference/domain [831178] -> "developers.facebook.com/docs/graph-api/reference/domain" [1]
2018-02-14 09:02:15 URL:https://developers.facebook.com/docs/graph-api/reference/education-experience [827812] -> "developers.facebook.com/docs/graph-api/reference/education-experience" [1]
2018-02-14 09:02:20 URL:https://developers.facebook.com/docs/graph-api/reference/event [841713] -> "developers.facebook.com/docs/graph-api/reference/event" [1]
2018-02-14 09:02:25 URL:https://developers.facebook.com/docs/graph-api/reference/friend-list [826086] -> "developers.facebook.com/docs/graph-api/reference/friend-list" [1]
2018-02-14 09:02:31 URL:https://developers.facebook.com/docs/graph-api/reference/group [842130] -> "developers.facebook.com/docs/graph-api/reference/group" [1]
2018-02-14 09:02:35 URL:https://developers.facebook.com/docs/graph-api/reference/groupdoc [832929] -> "developers.facebook.com/docs/graph-api/reference/groupdoc" [1]
2018-02-14 09:02:39 URL:https://developers.facebook.com/docs/graph-api/reference/life-event [831270] -> "developers.facebook.com/docs/graph-api/reference/life-event" [1]
2018-02-14 09:02:43 URL:https://developers.facebook.com/docs/graph-api/reference/link [838990] -> "developers.facebook.com/docs/graph-api/reference/link" [1]
2018-02-14 09:02:51 URL:https://developers.facebook.com/docs/graph-api/reference/live-video [883126] -> "developers.facebook.com/docs/graph-api/reference/live-video" [1]
2018-02-14 09:02:59 URL:https://developers.facebook.com/docs/graph-api/reference/mailing-address [831540] -> "developers.facebook.com/docs/graph-api/reference/mailing-address" [1]
2018-02-14 09:03:03 URL:https://developers.facebook.com/docs/graph-api/reference/message [833020] -> "developers.facebook.com/docs/graph-api/reference/message" [1]
2018-02-14 09:03:06 URL:https://developers.facebook.com/docs/graph-api/reference/milestone [845733] -> "developers.facebook.com/docs/graph-api/reference/milestone" [1]
2018-02-14 09:03:12 URL:https://developers.facebook.com/docs/graph-api/reference/native-offer [842735] -> "developers.facebook.com/docs/graph-api/reference/native-offer" [1]
2018-02-14 09:03:20 URL:https://developers.facebook.com/docs/graph-api/reference/notification [833963] -> "developers.facebook.com/docs/graph-api/reference/notification" [1]
2018-02-14 09:03:23 URL:https://developers.facebook.com/docs/graph-api/reference/object/comments [850501] -> "developers.facebook.com/docs/graph-api/reference/object/comments" [1]
2018-02-14 09:03:29 URL:https://developers.facebook.com/docs/graph-api/reference/object/likes [847570] -> "developers.facebook.com/docs/graph-api/reference/object/likes" [1]
2018-02-14 09:03:32 URL:https://developers.facebook.com/docs/graph-api/reference/object/sharedposts [831511] -> "developers.facebook.com/docs/graph-api/reference/object/sharedposts" [1]
2018-02-14 09:03:36 URL:https://developers.facebook.com/docs/graph-api/reference/open-graph-action-type [828554] -> "developers.facebook.com/docs/graph-api/reference/open-graph-action-type" [1]
2018-02-14 09:03:41 URL:https://developers.facebook.com/docs/graph-api/reference/open-graph-context [826854] -> "developers.facebook.com/docs/graph-api/reference/open-graph-context" [1]
2018-02-14 09:03:46 URL:https://developers.facebook.com/docs/graph-api/reference/open-graph-object-type [831094] -> "developers.facebook.com/docs/graph-api/reference/open-graph-object-type" [1]
2018-02-14 09:03:51 URL:https://developers.facebook.com/docs/graph-api/reference/page [955068] -> "developers.facebook.com/docs/graph-api/reference/page" [1]
2018-02-14 09:03:57 URL:https://developers.facebook.com/docs/graph-api/reference/page-admin-note [827671] -> "developers.facebook.com/docs/graph-api/reference/page-admin-note" [1]
2018-02-14 09:04:02 URL:https://developers.facebook.com/docs/graph-api/reference/page-call-to-action [838275] -> "developers.facebook.com/docs/graph-api/reference/page-call-to-action" [1]
2018-02-14 09:04:07 URL:https://developers.facebook.com/docs/graph-api/reference/page-label [829767] -> "developers.facebook.com/docs/graph-api/reference/page-label" [1]
2018-02-14 09:04:15 URL:https://developers.facebook.com/docs/graph-api/reference/insights [918575] -> "developers.facebook.com/docs/graph-api/reference/insights" [1]
2018-02-14 09:04:20 URL:https://developers.facebook.com/docs/graph-api/reference/pages-platform-component-flow-service-config [826323] -> "developers.facebook.com/docs/graph-api/reference/pages-platform-component-flow-service-config" [1]
2018-02-14 09:04:24 URL:https://developers.facebook.com/docs/graph-api/reference/payment [834276] -> "developers.facebook.com/docs/graph-api/reference/payment" [1]
2018-02-14 09:04:31 URL:https://developers.facebook.com/docs/graph-api/reference/photo [1057557] -> "developers.facebook.com/docs/graph-api/reference/photo" [1]
2018-02-14 09:04:38 URL:https://developers.facebook.com/docs/graph-api/reference/place [830084] -> "developers.facebook.com/docs/graph-api/reference/place" [1]
2018-02-14 09:04:42 URL:https://developers.facebook.com/docs/graph-api/reference/place-tag [825545] -> "developers.facebook.com/docs/graph-api/reference/place-tag" [1]
2018-02-14 09:04:46 URL:https://developers.facebook.com/docs/graph-api/reference/place-topic [826973] -> "developers.facebook.com/docs/graph-api/reference/place-topic" [1]
2018-02-14 09:04:53 URL:https://developers.facebook.com/docs/graph-api/reference/post [853098] -> "developers.facebook.com/docs/graph-api/reference/post" [1]
2018-02-14 09:04:56 URL:https://developers.facebook.com/docs/graph-api/reference/profile [829383] -> "developers.facebook.com/docs/graph-api/reference/profile" [1]
2018-02-14 09:05:02 URL:https://developers.facebook.com/docs/graph-api/reference/promotion-info [825203] -> "developers.facebook.com/docs/graph-api/reference/promotion-info" [1]
2018-02-14 09:05:06 URL:https://developers.facebook.com/docs/graph-api/reference/rtb-dynamic-post [828412] -> "developers.facebook.com/docs/graph-api/reference/rtb-dynamic-post" [1]
2018-02-14 09:05:10 URL:https://developers.facebook.com/docs/graph-api/reference/request [844762] -> "developers.facebook.com/docs/graph-api/reference/request" [1]
2018-02-14 09:05:18 URL:https://developers.facebook.com/docs/graph-api/reference/sales-promo [831435] -> "developers.facebook.com/docs/graph-api/reference/sales-promo" [1]
2018-02-14 09:05:22 URL:https://developers.facebook.com/docs/graph-api/reference/saved-message-response [831490] -> "developers.facebook.com/docs/graph-api/reference/saved-message-response" [1]
2018-02-14 09:05:26 URL:https://developers.facebook.com/docs/graph-api/reference/status [850973] -> "developers.facebook.com/docs/graph-api/reference/status" [1]
2018-02-14 09:05:32 URL:https://developers.facebook.com/docs/graph-api/reference/test-user [836762] -> "developers.facebook.com/docs/graph-api/reference/test-user" [1]
2018-02-14 09:05:36 URL:https://developers.facebook.com/docs/graph-api/reference/thread [837062] -> "developers.facebook.com/docs/graph-api/reference/thread" [1]
2018-02-14 09:05:42 URL:https://developers.facebook.com/docs/graph-api/reference/url [831963] -> "developers.facebook.com/docs/graph-api/reference/url" [1]
2018-02-14 09:05:53 URL:https://developers.facebook.com/docs/graph-api/reference/user [900327] -> "developers.facebook.com/docs/graph-api/reference/user" [1]
2018-02-14 09:05:59 URL:https://developers.facebook.com/docs/graph-api/reference/user-context [827106] -> "developers.facebook.com/docs/graph-api/reference/user-context" [1]
2018-02-14 09:06:03 URL:https://developers.facebook.com/docs/graph-api/reference/video [955276] -> "developers.facebook.com/docs/graph-api/reference/video" [1]
2018-02-14 09:06:07 URL:https://developers.facebook.com/docs/graph-api/reference/video-copyright [847630] -> "developers.facebook.com/docs/graph-api/reference/video-copyright" [1]
2018-02-14 09:06:11 URL:https://developers.facebook.com/docs/graph-api/reference/video-copyright-rule [831432] -> "developers.facebook.com/docs/graph-api/reference/video-copyright-rule" [1]
2018-02-14 09:06:16 URL:https://developers.facebook.com/docs/graph-api/reference/video-list [832367] -> "developers.facebook.com/docs/graph-api/reference/video-list" [1]
2018-02-14 09:06:22 URL:https://developers.facebook.com/docs/graph-api/reference/with-asset3d [829155] -> "developers.facebook.com/docs/graph-api/reference/with-asset3d" [1]
2018-02-14 09:06:26 URL:https://developers.facebook.com/docs/graph-api/reference/work-experience [828039] -> "developers.facebook.com/docs/graph-api/reference/work-experience" [1]
2018-02-14 09:06:31 URL:https://developers.facebook.com/docs/graph-api/reference/achievement/ [837435] -> "developers.facebook.com/docs/graph-api/reference/achievement/index.html" [1]
2018-02-14 09:06:35 URL:https://developers.facebook.com/docs/graph-api/reference/achievement_type/ [832157] -> "developers.facebook.com/docs/graph-api/reference/achievement_type/index.html" [1]
2018-02-14 09:06:38 URL:https://developers.facebook.com/docs/graph-api/reference/album/ [835036] -> "developers.facebook.com/docs/graph-api/reference/album/index.html" [1]
2018-02-14 09:06:43 URL:https://developers.facebook.com/docs/graph-api/reference/analytics-app-events-export/ [829453] -> "developers.facebook.com/docs/graph-api/reference/analytics-app-events-export/index.html" [1]
2018-02-14 09:06:46 URL:https://developers.facebook.com/docs/graph-api/reference/app-link-host/ [811217] -> "developers.facebook.com/docs/graph-api/reference/app-link-host/index.html" [1]
2018-02-14 09:06:50 URL:https://developers.facebook.com/docs/graph-api/reference/app-request/ [829394] -> "developers.facebook.com/docs/graph-api/reference/app-request/index.html" [1]
2018-02-14 09:06:54 URL:https://developers.facebook.com/docs/graph-api/reference/application/ [871629] -> "developers.facebook.com/docs/graph-api/reference/application/index.html" [1]
2018-02-14 09:06:58 URL:https://developers.facebook.com/docs/graph-api/reference/application-context/ [825875] -> "developers.facebook.com/docs/graph-api/reference/application-context/index.html" [1]
2018-02-14 09:07:02 URL:https://developers.facebook.com/docs/graph-api/reference/audience-insights-rule/ [828140] -> "developers.facebook.com/docs/graph-api/reference/audience-insights-rule/index.html" [1]
2018-02-14 09:07:06 URL:https://developers.facebook.com/docs/graph-api/reference/canvas-button/ [832722] -> "developers.facebook.com/docs/graph-api/reference/canvas-button/index.html" [1]
2018-02-14 09:07:10 URL:https://developers.facebook.com/docs/graph-api/reference/canvas-carousel/ [828825] -> "developers.facebook.com/docs/graph-api/reference/canvas-carousel/index.html" [1]
2018-02-14 09:07:15 URL:https://developers.facebook.com/docs/graph-api/reference/canvas-footer/ [828527] -> "developers.facebook.com/docs/graph-api/reference/canvas-footer/index.html" [1]
2018-02-14 09:07:19 URL:https://developers.facebook.com/docs/graph-api/reference/canvas-header/ [833052] -> "developers.facebook.com/docs/graph-api/reference/canvas-header/index.html" [1]
2018-02-14 09:07:23 URL:https://developers.facebook.com/docs/graph-api/reference/canvas-photo/ [830888] -> "developers.facebook.com/docs/graph-api/reference/canvas-photo/index.html" [1]
2018-02-14 09:07:29 URL:https://developers.facebook.com/docs/graph-api/reference/canvas-product-set/ [831192] -> "developers.facebook.com/docs/graph-api/reference/canvas-product-set/index.html" [1]
2018-02-14 09:07:34 URL:https://developers.facebook.com/docs/graph-api/reference/canvas-store-locator/ [828821] -> "developers.facebook.com/docs/graph-api/reference/canvas-store-locator/index.html" [1]
2018-02-14 09:07:38 URL:https://developers.facebook.com/docs/graph-api/reference/canvas-text/ [830808] -> "developers.facebook.com/docs/graph-api/reference/canvas-text/index.html" [1]
2018-02-14 09:07:44 URL:https://developers.facebook.com/docs/graph-api/reference/canvas-video/ [829016] -> "developers.facebook.com/docs/graph-api/reference/canvas-video/index.html" [1]
2018-02-14 09:07:49 URL:https://developers.facebook.com/docs/graph-api/reference/comment/ [852005] -> "developers.facebook.com/docs/graph-api/reference/comment/index.html" [1]
2018-02-14 09:07:52 URL:https://developers.facebook.com/docs/graph-api/reference/conversation/ [835651] -> "developers.facebook.com/docs/graph-api/reference/conversation/index.html" [1]
2018-02-14 09:07:57 URL:https://developers.facebook.com/docs/graph-api/reference/debug_token/ [836176] -> "developers.facebook.com/docs/graph-api/reference/debug_token/index.html" [1]
2018-02-14 09:08:00 URL:https://developers.facebook.com/docs/graph-api/reference/doc/ [829361] -> "developers.facebook.com/docs/graph-api/reference/doc/index.html" [1]
2018-02-14 09:08:07 URL:https://developers.facebook.com/docs/graph-api/reference/domain/ [831580] -> "developers.facebook.com/docs/graph-api/reference/domain/index.html" [1]
2018-02-14 09:08:11 URL:https://developers.facebook.com/docs/graph-api/reference/education-experience/ [831616] -> "developers.facebook.com/docs/graph-api/reference/education-experience/index.html" [1]
2018-02-14 09:08:16 URL:https://developers.facebook.com/docs/graph-api/reference/event/ [846115] -> "developers.facebook.com/docs/graph-api/reference/event/index.html" [1]
2018-02-14 09:08:20 URL:https://developers.facebook.com/docs/graph-api/reference/friend-list/ [826506] -> "developers.facebook.com/docs/graph-api/reference/friend-list/index.html" [1]
2018-02-14 09:08:23 URL:https://developers.facebook.com/docs/graph-api/reference/group/ [842107] -> "developers.facebook.com/docs/graph-api/reference/group/index.html" [1]
2018-02-14 09:08:27 URL:https://developers.facebook.com/docs/graph-api/reference/groupdoc/ [832900] -> "developers.facebook.com/docs/graph-api/reference/groupdoc/index.html" [1]
2018-02-14 09:08:33 URL:https://developers.facebook.com/docs/graph-api/reference/life-event/ [831338] -> "developers.facebook.com/docs/graph-api/reference/life-event/index.html" [1]
2018-02-14 09:08:37 URL:https://developers.facebook.com/docs/graph-api/reference/link/ [839310] -> "developers.facebook.com/docs/graph-api/reference/link/index.html" [1]
2018-02-14 09:08:41 URL:https://developers.facebook.com/docs/graph-api/reference/live-video/ [887499] -> "developers.facebook.com/docs/graph-api/reference/live-video/index.html" [1]
2018-02-14 09:08:45 URL:https://developers.facebook.com/docs/graph-api/reference/mailing-address/ [831547] -> "developers.facebook.com/docs/graph-api/reference/mailing-address/index.html" [1]
2018-02-14 09:08:49 URL:https://developers.facebook.com/docs/graph-api/reference/message/ [833426] -> "developers.facebook.com/docs/graph-api/reference/message/index.html" [1]
2018-02-14 09:08:54 URL:https://developers.facebook.com/docs/graph-api/reference/milestone/ [850119] -> "developers.facebook.com/docs/graph-api/reference/milestone/index.html" [1]
2018-02-14 09:08:58 URL:https://developers.facebook.com/docs/graph-api/reference/native-offer/ [842422] -> "developers.facebook.com/docs/graph-api/reference/native-offer/index.html" [1]
2018-02-14 09:09:02 URL:https://developers.facebook.com/docs/graph-api/reference/notification/ [833558] -> "developers.facebook.com/docs/graph-api/reference/notification/index.html" [1]
2018-02-14 09:09:06 URL:https://developers.facebook.com/docs/graph-api/reference/object/comments/ [850410] -> "developers.facebook.com/docs/graph-api/reference/object/comments/index.html" [1]
2018-02-14 09:09:14 URL:https://developers.facebook.com/docs/graph-api/reference/object/likes/ [843372] -> "developers.facebook.com/docs/graph-api/reference/object/likes/index.html" [1]
2018-02-14 09:09:19 URL:https://developers.facebook.com/docs/graph-api/reference/object/private_replies/ [833137] -> "developers.facebook.com/docs/graph-api/reference/object/private_replies/index.html" [1]
2018-02-14 09:09:24 URL:https://developers.facebook.com/docs/graph-api/reference/object/reactions/ [833471] -> "developers.facebook.com/docs/graph-api/reference/object/reactions/index.html" [1]
2018-02-14 09:09:27 URL:https://developers.facebook.com/docs/graph-api/reference/object/sharedposts/ [831672] -> "developers.facebook.com/docs/graph-api/reference/object/sharedposts/index.html" [1]
2018-02-14 09:09:33 URL:https://developers.facebook.com/docs/graph-api/reference/open-graph-action-type/ [828248] -> "developers.facebook.com/docs/graph-api/reference/open-graph-action-type/index.html" [1]
2018-02-14 09:09:40 URL:https://developers.facebook.com/docs/graph-api/reference/open-graph-context/ [831212] -> "developers.facebook.com/docs/graph-api/reference/open-graph-context/index.html" [1]
2018-02-14 09:09:44 URL:https://developers.facebook.com/docs/graph-api/reference/open-graph-object-type/ [826681] -> "developers.facebook.com/docs/graph-api/reference/open-graph-object-type/index.html" [1]
2018-02-14 09:09:49 URL:https://developers.facebook.com/docs/graph-api/reference/page/ [959622] -> "developers.facebook.com/docs/graph-api/reference/page/index.html" [1]
2018-02-14 09:09:55 URL:https://developers.facebook.com/docs/graph-api/reference/page-admin-note/ [832301] -> "developers.facebook.com/docs/graph-api/reference/page-admin-note/index.html" [1]
2018-02-14 09:09:58 URL:https://developers.facebook.com/docs/graph-api/reference/page-call-to-action/ [842612] -> "developers.facebook.com/docs/graph-api/reference/page-call-to-action/index.html" [1]
2018-02-14 09:10:02 URL:https://developers.facebook.com/docs/graph-api/reference/page-label/ [834152] -> "developers.facebook.com/docs/graph-api/reference/page-label/index.html" [1]
2018-02-14 09:10:07 URL:https://developers.facebook.com/docs/graph-api/reference/insights/ [914278] -> "developers.facebook.com/docs/graph-api/reference/insights/index.html" [1]
2018-02-14 09:10:12 URL:https://developers.facebook.com/docs/graph-api/reference/pages-platform-component-flow-service-config/ [826210] -> "developers.facebook.com/docs/graph-api/reference/pages-platform-component-flow-service-config/index.html" [1]
2018-02-14 09:10:16 URL:https://developers.facebook.com/docs/graph-api/reference/payment/ [834288] -> "developers.facebook.com/docs/graph-api/reference/payment/index.html" [1]
2018-02-14 09:10:21 URL:https://developers.facebook.com/docs/graph-api/reference/photo/ [1053308] -> "developers.facebook.com/docs/graph-api/reference/photo/index.html" [1]
2018-02-14 09:10:25 URL:https://developers.facebook.com/docs/graph-api/reference/place/ [825651] -> "developers.facebook.com/docs/graph-api/reference/place/index.html" [1]
2018-02-14 09:10:28 URL:https://developers.facebook.com/docs/graph-api/reference/place-tag/ [830339] -> "developers.facebook.com/docs/graph-api/reference/place-tag/index.html" [1]
2018-02-14 09:10:32 URL:https://developers.facebook.com/docs/graph-api/reference/place-topic/ [826838] -> "developers.facebook.com/docs/graph-api/reference/place-topic/index.html" [1]
2018-02-14 09:10:35 URL:https://developers.facebook.com/docs/graph-api/reference/post/ [852715] -> "developers.facebook.com/docs/graph-api/reference/post/index.html" [1]
2018-02-14 09:10:39 URL:https://developers.facebook.com/docs/graph-api/reference/profile/ [825762] -> "developers.facebook.com/docs/graph-api/reference/profile/index.html" [1]
2018-02-14 09:10:42 URL:https://developers.facebook.com/docs/graph-api/reference/promotion-info/ [825287] -> "developers.facebook.com/docs/graph-api/reference/promotion-info/index.html" [1]
2018-02-14 09:10:46 URL:https://developers.facebook.com/docs/graph-api/reference/rtb-dynamic-post/ [828527] -> "developers.facebook.com/docs/graph-api/reference/rtb-dynamic-post/index.html" [1]
2018-02-14 09:10:52 URL:https://developers.facebook.com/docs/graph-api/reference/request/ [840865] -> "developers.facebook.com/docs/graph-api/reference/request/index.html" [1]
2018-02-14 09:10:55 URL:https://developers.facebook.com/docs/graph-api/reference/sales-promo/ [835772] -> "developers.facebook.com/docs/graph-api/reference/sales-promo/index.html" [1]
2018-02-14 09:10:59 URL:https://developers.facebook.com/docs/graph-api/reference/saved-message-response/ [831932] -> "developers.facebook.com/docs/graph-api/reference/saved-message-response/index.html" [1]
2018-02-14 09:11:03 URL:https://developers.facebook.com/docs/graph-api/reference/status/ [846905] -> "developers.facebook.com/docs/graph-api/reference/status/index.html" [1]
2018-02-14 09:11:11 URL:https://developers.facebook.com/docs/graph-api/reference/test-user/ [837036] -> "developers.facebook.com/docs/graph-api/reference/test-user/index.html" [1]
2018-02-14 09:11:14 URL:https://developers.facebook.com/docs/graph-api/reference/thread/ [832921] -> "developers.facebook.com/docs/graph-api/reference/thread/index.html" [1]
2018-02-14 09:11:17 URL:https://developers.facebook.com/docs/graph-api/reference/url/ [831971] -> "developers.facebook.com/docs/graph-api/reference/url/index.html" [1]
2018-02-14 09:11:24 URL:https://developers.facebook.com/docs/graph-api/reference/user/ [900357] -> "developers.facebook.com/docs/graph-api/reference/user/index.html" [1]
2018-02-14 09:11:27 URL:https://developers.facebook.com/docs/graph-api/reference/user-context/ [831517] -> "developers.facebook.com/docs/graph-api/reference/user-context/index.html" [1]
2018-02-14 09:11:32 URL:https://developers.facebook.com/docs/graph-api/reference/video/ [955299] -> "developers.facebook.com/docs/graph-api/reference/video/index.html" [1]
2018-02-14 09:11:39 URL:https://developers.facebook.com/docs/graph-api/reference/video-copyright/ [847954] -> "developers.facebook.com/docs/graph-api/reference/video-copyright/index.html" [1]
2018-02-14 09:11:42 URL:https://developers.facebook.com/docs/graph-api/reference/video-copyright-rule/ [831899] -> "developers.facebook.com/docs/graph-api/reference/video-copyright-rule/index.html" [1]
2018-02-14 09:11:49 URL:https://developers.facebook.com/docs/graph-api/reference/video-list/ [832034] -> "developers.facebook.com/docs/graph-api/reference/video-list/index.html" [1]
2018-02-14 09:11:52 URL:https://developers.facebook.com/docs/graph-api/reference/with-asset3d/ [824703] -> "developers.facebook.com/docs/graph-api/reference/with-asset3d/index.html" [1]
2018-02-14 09:11:56 URL:https://developers.facebook.com/docs/graph-api/reference/work-experience/ [827696] -> "developers.facebook.com/docs/graph-api/reference/work-experience/index.html" [1]
2018-02-14 09:12:01 URL:https://developers.facebook.com/docs/graph-api/reference/application [871715] -> "developers.facebook.com/docs/graph-api/reference/app/index.html" [1]
2018-02-14 09:12:07 URL:https://developers.facebook.com/docs/graph-api/reference/user/achievements [834247] -> "developers.facebook.com/docs/graph-api/reference/user/achievements" [1]
2018-02-14 09:12:13 URL:https://developers.facebook.com/docs/graph-api/reference/application [871907] -> "developers.facebook.com/docs/graph-api/reference/app.1" [1]
2018-02-14 09:12:17 URL:https://developers.facebook.com/docs/graph-api/reference/app/achievements [846555] -> "developers.facebook.com/docs/graph-api/reference/app/achievements" [1]
2018-02-14 09:12:20 URL:https://developers.facebook.com/docs/graph-api/reference/album/photos [844970] -> "developers.facebook.com/docs/graph-api/reference/album/photos" [1]
2018-02-14 09:12:24 URL:https://developers.facebook.com/docs/graph-api/reference/user/albums [837081] -> "developers.facebook.com/docs/graph-api/reference/user/albums" [1]
2018-02-14 09:12:28 URL:https://developers.facebook.com/docs/graph-api/reference/page/albums [838229] -> "developers.facebook.com/docs/graph-api/reference/page/albums" [1]
2018-02-14 09:12:32 URL:https://developers.facebook.com/docs/graph-api/reference/group/albums [839319] -> "developers.facebook.com/docs/graph-api/reference/group/albums" [1]
2018-02-14 09:12:33 URL:https://developers.facebook.com/docs/graph-api/reference/album/picture [827374] -> "developers.facebook.com/docs/graph-api/reference/album/picture" [1]
https://developers.facebook.com/docs/graph-api/reference/page-post/reactions/:
2018-02-14 09:12:34 ERROR 404: Not Found.
2018-02-14 09:12:38 URL:https://developers.facebook.com/docs/graph-api/reference/v2.10/app-link-host [832515] -> "developers.facebook.com/docs/graph-api/reference/v2.10/app-link-host" [1]
2018-02-14 09:12:42 URL:https://developers.facebook.com/docs/graph-api/reference/open-graph-object--generic/ [832662] -> "developers.facebook.com/docs/graph-api/reference/open-graph-object--generic/index.html" [1]
2018-02-14 09:12:46 URL:https://developers.facebook.com/docs/graph-api/reference/application/accounts/ [837079] -> "developers.facebook.com/docs/graph-api/reference/application/accounts/index.html" [1]
2018-02-14 09:12:50 URL:https://developers.facebook.com/docs/graph-api/reference/application/ads_app_insights_dimensions/ [835502] -> "developers.facebook.com/docs/graph-api/reference/application/ads_app_insights_dimensions/index.html" [1]
2018-02-14 09:12:55 URL:https://developers.facebook.com/docs/graph-api/reference/application/agencies/ [829140] -> "developers.facebook.com/docs/graph-api/reference/application/agencies/index.html" [1]
2018-02-14 09:12:58 URL:https://developers.facebook.com/docs/graph-api/reference/application/analytics_app_events_exports/ [831612] -> "developers.facebook.com/docs/graph-api/reference/application/analytics_app_events_exports/index.html" [1]
2018-02-14 09:13:04 URL:https://developers.facebook.com/docs/graph-api/reference/application/app_event_types/ [829968] -> "developers.facebook.com/docs/graph-api/reference/application/app_event_types/index.html" [1]
2018-02-14 09:13:08 URL:https://developers.facebook.com/docs/graph-api/reference/application/app_insights/ [857941] -> "developers.facebook.com/docs/graph-api/reference/application/app_insights/index.html" [1]
2018-02-14 09:13:12 URL:https://developers.facebook.com/docs/graph-api/reference/application/appassets/ [833866] -> "developers.facebook.com/docs/graph-api/reference/application/appassets/index.html" [1]
2018-02-14 09:13:16 URL:https://developers.facebook.com/docs/graph-api/reference/application/audiences/ [829895] -> "developers.facebook.com/docs/graph-api/reference/application/audiences/index.html" [1]
2018-02-14 09:13:19 URL:https://developers.facebook.com/docs/graph-api/reference/application/authorized_adaccounts/ [834613] -> "developers.facebook.com/docs/graph-api/reference/application/authorized_adaccounts/index.html" [1]
2018-02-14 09:13:23 URL:https://developers.facebook.com/docs/graph-api/reference/application/banned/ [829481] -> "developers.facebook.com/docs/graph-api/reference/application/banned/index.html" [1]
2018-02-14 09:13:28 URL:https://developers.facebook.com/docs/graph-api/reference/application/connections/ [834114] -> "developers.facebook.com/docs/graph-api/reference/application/connections/index.html" [1]
2018-02-14 09:13:34 URL:https://developers.facebook.com/docs/graph-api/reference/application/custom_audience_third_party_id/ [834420] -> "developers.facebook.com/docs/graph-api/reference/application/custom_audience_third_party_id/index.html" [1]
2018-02-14 09:13:38 URL:https://developers.facebook.com/docs/graph-api/reference/application/da_checks/ [829797] -> "developers.facebook.com/docs/graph-api/reference/application/da_checks/index.html" [1]
2018-02-14 09:13:41 URL:https://developers.facebook.com/docs/graph-api/reference/application/direct_deals/ [833733] -> "developers.facebook.com/docs/graph-api/reference/application/direct_deals/index.html" [1]
2018-02-14 09:13:45 URL:https://developers.facebook.com/docs/graph-api/reference/application/events/ [834227] -> "developers.facebook.com/docs/graph-api/reference/application/events/index.html" [1]
2018-02-14 09:13:50 URL:https://developers.facebook.com/docs/graph-api/reference/application/food_drink_orders/ [834360] -> "developers.facebook.com/docs/graph-api/reference/application/food_drink_orders/index.html" [1]
2018-02-14 09:13:55 URL:https://developers.facebook.com/docs/graph-api/reference/application/insights_event_labels/ [830567] -> "developers.facebook.com/docs/graph-api/reference/application/insights_event_labels/index.html" [1]
2018-02-14 09:13:57 URL:https://developers.facebook.com/docs/graph-api/reference/application/local_service_booking_config/ [829465] -> "developers.facebook.com/docs/graph-api/reference/application/local_service_booking_config/index.html" [1]
2018-02-14 09:14:02 URL:https://developers.facebook.com/docs/graph-api/reference/application/moods_for_application/ [829647] -> "developers.facebook.com/docs/graph-api/reference/application/moods_for_application/index.html" [1]
2018-02-14 09:14:06 URL:https://developers.facebook.com/docs/graph-api/reference/application/object_types/ [829511] -> "developers.facebook.com/docs/graph-api/reference/application/object_types/index.html" [1]
2018-02-14 09:14:10 URL:https://developers.facebook.com/docs/graph-api/reference/application/objects/ [830101] -> "developers.facebook.com/docs/graph-api/reference/application/objects/index.html" [1]
2018-02-14 09:14:14 URL:https://developers.facebook.com/docs/graph-api/reference/application/ozone_release/ [829563] -> "developers.facebook.com/docs/graph-api/reference/application/ozone_release/index.html" [1]
2018-02-14 09:14:17 URL:https://developers.facebook.com/docs/graph-api/reference/application/payments_test_users/ [829642] -> "developers.facebook.com/docs/graph-api/reference/application/payments_test_users/index.html" [1]
2018-02-14 09:14:24 URL:https://developers.facebook.com/docs/graph-api/reference/application/permissions/ [830687] -> "developers.facebook.com/docs/graph-api/reference/application/permissions/index.html" [1]
2018-02-14 09:14:27 URL:https://developers.facebook.com/docs/graph-api/reference/app/picture [846467] -> "developers.facebook.com/docs/graph-api/reference/app/picture" [1]
2018-02-14 09:14:32 URL:https://developers.facebook.com/docs/graph-api/reference/application/products/ [829880] -> "developers.facebook.com/docs/graph-api/reference/application/products/index.html" [1]
2018-02-14 09:14:36 URL:https://developers.facebook.com/docs/graph-api/reference/application/purchases/ [829935] -> "developers.facebook.com/docs/graph-api/reference/application/purchases/index.html" [1]
2018-02-14 09:14:41 URL:https://developers.facebook.com/docs/graph-api/reference/app/roles [845272] -> "developers.facebook.com/docs/graph-api/reference/app/roles" [1]
2018-02-14 09:14:45 URL:https://developers.facebook.com/docs/graph-api/reference/app/scores [840528] -> "developers.facebook.com/docs/graph-api/reference/app/scores" [1]
2018-02-14 09:14:49 URL:https://developers.facebook.com/docs/graph-api/reference/application/subscribed_domains/ [829501] -> "developers.facebook.com/docs/graph-api/reference/application/subscribed_domains/index.html" [1]
2018-02-14 09:14:53 URL:https://developers.facebook.com/docs/graph-api/reference/app/subscriptions [849587] -> "developers.facebook.com/docs/graph-api/reference/app/subscriptions" [1]
2018-02-14 09:14:57 URL:https://developers.facebook.com/docs/graph-api/reference/app/translations [851276] -> "developers.facebook.com/docs/graph-api/reference/app/translations" [1]
2018-02-14 09:15:00 URL:https://developers.facebook.com/docs/graph-api/reference/application-app-ad-debug-info/ [831779] -> "developers.facebook.com/docs/graph-api/reference/application-app-ad-debug-info/index.html" [1]
2018-02-14 09:15:04 URL:https://developers.facebook.com/docs/graph-api/reference/application-object-store-urls/ [827623] -> "developers.facebook.com/docs/graph-api/reference/application-object-store-urls/index.html" [1]
2018-02-14 09:15:08 URL:https://developers.facebook.com/docs/graph-api/reference/application-restriction-info/ [826580] -> "developers.facebook.com/docs/graph-api/reference/application-restriction-info/index.html" [1]
2018-02-14 09:15:16 URL:https://developers.facebook.com/docs/graph-api/reference/application/activities/ [834919] -> "developers.facebook.com/docs/graph-api/reference/application/activities/index.html" [1]
2018-02-14 09:15:20 URL:https://developers.facebook.com/docs/graph-api/reference/application/user_properties/ [826687] -> "developers.facebook.com/docs/graph-api/reference/application/user_properties/index.html" [1]
2018-02-14 09:15:25 URL:https://developers.facebook.com/docs/graph-api/reference/application/payment_currencies/ [825008] -> "developers.facebook.com/docs/graph-api/reference/application/payment_currencies/index.html" [1]
2018-02-14 09:15:28 URL:https://developers.facebook.com/docs/graph-api/reference/application/apprelease/ [824891] -> "developers.facebook.com/docs/graph-api/reference/application/apprelease/index.html" [1]
2018-02-14 09:15:32 URL:https://developers.facebook.com/docs/graph-api/reference/application/uploads/ [825256] -> "developers.facebook.com/docs/graph-api/reference/application/uploads/index.html" [1]
2018-02-14 09:15:37 URL:https://developers.facebook.com/docs/graph-api/reference/application/assets/ [824779] -> "developers.facebook.com/docs/graph-api/reference/application/assets/index.html" [1]
https://developers.facebook.com/docs/graph-api/reference/application/localservicebookingconfig/:
2018-02-14 09:15:39 ERROR 404: Not Found.
https://developers.facebook.com/docs/graph-api/reference/application/localservicebookingtest/:
2018-02-14 09:15:41 ERROR 404: Not Found.
2018-02-14 09:15:45 URL:https://developers.facebook.com/docs/graph-api/reference/application/app_indexing/ [826319] -> "developers.facebook.com/docs/graph-api/reference/application/app_indexing/index.html" [1]
2018-02-14 09:15:51 URL:https://developers.facebook.com/docs/graph-api/reference/application/leaderboards_create/ [825949] -> "developers.facebook.com/docs/graph-api/reference/application/leaderboards_create/index.html" [1]
2018-02-14 09:15:55 URL:https://developers.facebook.com/docs/graph-api/reference/application/leaderboards_reset/ [824731] -> "developers.facebook.com/docs/graph-api/reference/application/leaderboards_reset/index.html" [1]
2018-02-14 09:15:59 URL:https://developers.facebook.com/docs/graph-api/reference/application-context/friends_using_app/ [826408] -> "developers.facebook.com/docs/graph-api/reference/application-context/friends_using_app/index.html" [1]
2018-02-14 09:16:02 URL:https://developers.facebook.com/docs/graph-api/reference/audience-insights-rule-component/ [829748] -> "developers.facebook.com/docs/graph-api/reference/audience-insights-rule-component/index.html" [1]
https://developers.facebook.com/docs/graph-api/reference/audience-study/:
2018-02-14 09:16:04 ERROR 404: Not Found.
2018-02-14 09:16:07 URL:https://developers.facebook.com/docs/graph-api/reference/canvas-rich-text/ [825844] -> "developers.facebook.com/docs/graph-api/reference/canvas-rich-text/index.html" [1]
2018-02-14 09:16:12 URL:https://developers.facebook.com/docs/graph-api/reference/story-attachment/ [827789] -> "developers.facebook.com/docs/graph-api/reference/story-attachment/index.html" [1]
2018-02-14 09:16:18 URL:https://developers.facebook.com/docs/graph-api/reference/object/reactions [838060] -> "developers.facebook.com/docs/graph-api/reference/object/reactions.1" [1]
2018-02-14 09:16:23 URL:https://developers.facebook.com/docs/graph-api/reference/object/private_replies [837000] -> "developers.facebook.com/docs/graph-api/reference/object/private_replies.1" [1]
2018-02-14 09:16:26 URL:https://developers.facebook.com/docs/graph-api/reference/conversation/messages [844574] -> "developers.facebook.com/docs/graph-api/reference/conversation/messages" [1]
2018-02-14 09:16:30 URL:https://developers.facebook.com/docs/graph-api/reference/user/inbox [838894] -> "developers.facebook.com/docs/graph-api/reference/user/inbox" [1]
2018-02-14 09:16:34 URL:https://developers.facebook.com/docs/graph-api/reference/conversation/messages/ [843883] -> "developers.facebook.com/docs/graph-api/reference/conversation/messages/index.html" [1]
2018-02-14 09:16:38 URL:https://developers.facebook.com/docs/graph-api/reference/experience/ [825981] -> "developers.facebook.com/docs/graph-api/reference/experience/index.html" [1]
2018-02-14 09:16:42 URL:https://developers.facebook.com/docs/graph-api/reference/event/admins/ [826239] -> "developers.facebook.com/docs/graph-api/reference/event/admins/index.html" [1]
2018-02-14 09:16:46 URL:https://developers.facebook.com/docs/graph-api/reference/event/attending/ [832640] -> "developers.facebook.com/docs/graph-api/reference/event/attending/index.html" [1]
2018-02-14 09:16:49 URL:https://developers.facebook.com/docs/graph-api/reference/event/comments/ [833575] -> "developers.facebook.com/docs/graph-api/reference/event/comments/index.html" [1]
2018-02-14 09:16:58 URL:https://developers.facebook.com/docs/graph-api/reference/event/declined/ [828033] -> "developers.facebook.com/docs/graph-api/reference/event/declined/index.html" [1]
2018-02-14 09:17:02 URL:https://developers.facebook.com/docs/graph-api/reference/event/feed [845750] -> "developers.facebook.com/docs/graph-api/reference/event/feed" [1]
2018-02-14 09:17:07 URL:https://developers.facebook.com/docs/graph-api/reference/event/interested/ [828077] -> "developers.facebook.com/docs/graph-api/reference/event/interested/index.html" [1]
2018-02-14 09:17:11 URL:https://developers.facebook.com/docs/graph-api/reference/event/live_videos/ [832723] -> "developers.facebook.com/docs/graph-api/reference/event/live_videos/index.html" [1]
2018-02-14 09:17:14 URL:https://developers.facebook.com/docs/graph-api/reference/event/maybe/ [828241] -> "developers.facebook.com/docs/graph-api/reference/event/maybe/index.html" [1]
2018-02-14 09:17:18 URL:https://developers.facebook.com/docs/graph-api/reference/event/noreply/ [832636] -> "developers.facebook.com/docs/graph-api/reference/event/noreply/index.html" [1]
2018-02-14 09:17:22 URL:https://developers.facebook.com/docs/graph-api/reference/event/photos/ [861537] -> "developers.facebook.com/docs/graph-api/reference/event/photos/index.html" [1]
2018-02-14 09:17:26 URL:https://developers.facebook.com/docs/graph-api/reference/event/picture/ [832215] -> "developers.facebook.com/docs/graph-api/reference/event/picture/index.html" [1]
2018-02-14 09:17:29 URL:https://developers.facebook.com/docs/graph-api/reference/event/roles/ [826979] -> "developers.facebook.com/docs/graph-api/reference/event/roles/index.html" [1]
2018-02-14 09:17:33 URL:https://developers.facebook.com/docs/graph-api/reference/cover-photo/ [830806] -> "developers.facebook.com/docs/graph-api/reference/cover-photo/index.html" [1]
2018-02-14 09:17:35 URL:https://developers.facebook.com/docs/graph-api/reference/event/videos/ [827656] -> "developers.facebook.com/docs/graph-api/reference/event/videos/index.html" [1]
2018-02-14 09:17:38 URL:https://developers.facebook.com/docs/graph-api/reference/user/friendlists/ [837583] -> "developers.facebook.com/docs/graph-api/reference/user/friendlists/index.html" [1]
2018-02-14 09:17:42 URL:https://developers.facebook.com/docs/graph-api/reference/group/admins [841344] -> "developers.facebook.com/docs/graph-api/reference/group/admins" [1]
2018-02-14 09:17:46 URL:https://developers.facebook.com/docs/graph-api/reference/group/docs [836422] -> "developers.facebook.com/docs/graph-api/reference/group/docs" [1]
2018-02-14 09:17:49 URL:https://developers.facebook.com/docs/graph-api/reference/group/feed [842129] -> "developers.facebook.com/docs/graph-api/reference/group/feed" [1]
2018-02-14 09:17:54 URL:https://developers.facebook.com/docs/graph-api/reference/group/events [836718] -> "developers.facebook.com/docs/graph-api/reference/group/events" [1]
2018-02-14 09:17:58 URL:https://developers.facebook.com/docs/graph-api/reference/group/files [832938] -> "developers.facebook.com/docs/graph-api/reference/group/files" [1]
2018-02-14 09:18:04 URL:https://developers.facebook.com/docs/graph-api/reference/group/members [843991] -> "developers.facebook.com/docs/graph-api/reference/group/members" [1]
2018-02-14 09:18:07 URL:https://developers.facebook.com/docs/graph-api/reference/group/photos [845009] -> "developers.facebook.com/docs/graph-api/reference/group/photos" [1]
2018-02-14 09:18:11 URL:https://developers.facebook.com/docs/graph-api/reference/group/videos [842966] -> "developers.facebook.com/docs/graph-api/reference/group/videos" [1]
2018-02-14 09:18:18 URL:https://developers.facebook.com/docs/graph-api/reference/user/groups/ [839858] -> "developers.facebook.com/docs/graph-api/reference/user/groups/index.html" [1]
https://developers.facebook.com/docs/graph-api/reference/app/groups:
2018-02-14 09:18:20 ERROR 404: Not Found.
https://developers.facebook.com/docs/graph-api/reference/live_videos:
2018-02-14 09:18:21 ERROR 404: Not Found.
2018-02-14 09:18:25 URL:https://developers.facebook.com/docs/graph-api/reference/group/members/ [843523] -> "developers.facebook.com/docs/graph-api/reference/group/members/index.html" [1]
2018-02-14 09:18:29 URL:https://developers.facebook.com/docs/graph-api/reference/life-event/comments/ [830241] -> "developers.facebook.com/docs/graph-api/reference/life-event/comments/index.html" [1]
2018-02-14 09:18:32 URL:https://developers.facebook.com/docs/graph-api/reference/life-event/likes/ [826803] -> "developers.facebook.com/docs/graph-api/reference/life-event/likes/index.html" [1]
2018-02-14 09:18:36 URL:https://developers.facebook.com/docs/graph-api/reference/life-event/photos/ [825563] -> "developers.facebook.com/docs/graph-api/reference/life-event/photos/index.html" [1]
2018-02-14 09:18:40 URL:https://developers.facebook.com/docs/graph-api/reference/life-event/sharedposts/ [825540] -> "developers.facebook.com/docs/graph-api/reference/life-event/sharedposts/index.html" [1]
2018-02-14 09:18:44 URL:https://developers.facebook.com/docs/graph-api/reference/page/milestones [835966] -> "developers.facebook.com/docs/graph-api/reference/page/milestones" [1]
2018-02-14 09:18:47 URL:https://developers.facebook.com/docs/graph-api/reference/v2.2/link [839015] -> "developers.facebook.com/docs/graph-api/reference/v2.2/link" [1]
2018-02-14 09:18:51 URL:https://developers.facebook.com/docs/graph-api/reference/user/feed [858148] -> "developers.facebook.com/docs/graph-api/reference/user/feed" [1]
2018-02-14 09:18:52 URL:https://developers.facebook.com/docs/graph-api/reference/page/feed [872516] -> "developers.facebook.com/docs/graph-api/reference/page/feed" [1]
2018-02-14 09:18:58 URL:https://developers.facebook.com/docs/graph-api/reference/live-video/blocked_users/ [830925] -> "developers.facebook.com/docs/graph-api/reference/live-video/blocked_users/index.html" [1]
2018-02-14 09:19:01 URL:https://developers.facebook.com/docs/graph-api/reference/live-video/comments/ [828704] -> "developers.facebook.com/docs/graph-api/reference/live-video/comments/index.html" [1]
2018-02-14 09:19:05 URL:https://developers.facebook.com/docs/graph-api/reference/live-video/errors/ [825633] -> "developers.facebook.com/docs/graph-api/reference/live-video/errors/index.html" [1]
2018-02-14 09:19:09 URL:https://developers.facebook.com/docs/graph-api/reference/live-video/likes/ [826746] -> "developers.facebook.com/docs/graph-api/reference/live-video/likes/index.html" [1]
2018-02-14 09:19:13 URL:https://developers.facebook.com/docs/graph-api/reference/live-video/reactions/ [828289] -> "developers.facebook.com/docs/graph-api/reference/live-video/reactions/index.html" [1]
2018-02-14 09:19:15 URL:https://developers.facebook.com/docs/graph-api/reference/message/attachments [823004] -> "developers.facebook.com/docs/graph-api/reference/message/attachments" [1]
2018-02-14 09:19:17 URL:https://developers.facebook.com/docs/graph-api/reference/message/shares/ [822563] -> "developers.facebook.com/docs/graph-api/reference/message/shares/index.html" [1]
2018-02-14 09:19:21 URL:https://developers.facebook.com/docs/graph-api/reference/page/milestones/ [835826] -> "developers.facebook.com/docs/graph-api/reference/page/milestones/index.html" [1]
2018-02-14 09:19:25 URL:https://developers.facebook.com/docs/graph-api/reference/native-offer/views/ [825251] -> "developers.facebook.com/docs/graph-api/reference/native-offer/views/index.html" [1]
2018-02-14 09:19:27 URL:https://developers.facebook.com/docs/graph-api/reference/note/ [802653] -> "developers.facebook.com/docs/graph-api/reference/note/index.html" [1]
https://developers.facebook.com/docs/graph-api/reference/official-event/:
2018-02-14 09:19:30 ERROR 404: Not Found.
2018-02-14 09:19:33 URL:https://developers.facebook.com/docs/graph-api/reference/user/photos/ [879679] -> "developers.facebook.com/docs/graph-api/reference/user/photos/index.html" [1]
2018-02-14 09:19:37 URL:https://developers.facebook.com/docs/graph-api/reference/open-graph-property-config/ [830522] -> "developers.facebook.com/docs/graph-api/reference/open-graph-property-config/index.html" [1]
2018-02-14 09:19:41 URL:https://developers.facebook.com/docs/graph-api/reference/open-graph-context/friends_tagged_at/ [831245] -> "developers.facebook.com/docs/graph-api/reference/open-graph-context/friends_tagged_at/index.html" [1]
2018-02-14 09:19:44 URL:https://developers.facebook.com/docs/graph-api/reference/open-graph-context/friends_who_like/ [826982] -> "developers.facebook.com/docs/graph-api/reference/open-graph-context/friends_who_like/index.html" [1]
2018-02-14 09:19:48 URL:https://developers.facebook.com/docs/graph-api/reference/open-graph-context/music_listen_friends/ [826810] -> "developers.facebook.com/docs/graph-api/reference/open-graph-context/music_listen_friends/index.html" [1]
2018-02-14 09:19:52 URL:https://developers.facebook.com/docs/graph-api/reference/open-graph-context/video_watch_friends/ [826756] -> "developers.facebook.com/docs/graph-api/reference/open-graph-context/video_watch_friends/index.html" [1]
2018-02-14 09:19:56 URL:https://developers.facebook.com/docs/graph-api/reference/page/admin_notes/ [839948] -> "developers.facebook.com/docs/graph-api/reference/page/admin_notes/index.html" [1]
2018-02-14 09:19:59 URL:https://developers.facebook.com/docs/graph-api/reference/page/albums/ [838070] -> "developers.facebook.com/docs/graph-api/reference/page/albums/index.html" [1]
2018-02-14 09:20:03 URL:https://developers.facebook.com/docs/graph-api/reference/page/assigned_users/ [838424] -> "developers.facebook.com/docs/graph-api/reference/page/assigned_users/index.html" [1]
2018-02-14 09:20:07 URL:https://developers.facebook.com/docs/graph-api/reference/page/audio_copyrights/ [834816] -> "developers.facebook.com/docs/graph-api/reference/page/audio_copyrights/index.html" [1]
2018-02-14 09:20:11 URL:https://developers.facebook.com/docs/graph-api/reference/page/bc_sponsored_posts/ [834953] -> "developers.facebook.com/docs/graph-api/reference/page/bc_sponsored_posts/index.html" [1]
2018-02-14 09:20:15 URL:https://developers.facebook.com/docs/graph-api/reference/page/blocked/ [838263] -> "developers.facebook.com/docs/graph-api/reference/page/blocked/index.html" [1]
2018-02-14 09:20:19 URL:https://developers.facebook.com/docs/graph-api/reference/page/broadcast_messages/ [834242] -> "developers.facebook.com/docs/graph-api/reference/page/broadcast_messages/index.html" [1]
2018-02-14 09:20:22 URL:https://developers.facebook.com/docs/graph-api/reference/page/business_activities/ [834466] -> "developers.facebook.com/docs/graph-api/reference/page/business_activities/index.html" [1]
2018-02-14 09:20:26 URL:https://developers.facebook.com/docs/graph-api/reference/page/call_to_actions/ [838585] -> "developers.facebook.com/docs/graph-api/reference/page/call_to_actions/index.html" [1]
2018-02-14 09:20:30 URL:https://developers.facebook.com/docs/graph-api/reference/page/canvas_elements/ [857905] -> "developers.facebook.com/docs/graph-api/reference/page/canvas_elements/index.html" [1]
2018-02-14 09:20:34 URL:https://developers.facebook.com/docs/graph-api/reference/page/checkin_posts/ [834205] -> "developers.facebook.com/docs/graph-api/reference/page/checkin_posts/index.html" [1]
2018-02-14 09:20:38 URL:https://developers.facebook.com/docs/graph-api/reference/page/conversations/ [835088] -> "developers.facebook.com/docs/graph-api/reference/page/conversations/index.html" [1]
2018-02-14 09:20:42 URL:https://developers.facebook.com/docs/graph-api/reference/page/crosspost_pending_approval_pages/ [834418] -> "developers.facebook.com/docs/graph-api/reference/page/crosspost_pending_approval_pages/index.html" [1]
2018-02-14 09:20:46 URL:https://developers.facebook.com/docs/graph-api/reference/page/crosspost_whitelisted_pages/ [834794] -> "developers.facebook.com/docs/graph-api/reference/page/crosspost_whitelisted_pages/index.html" [1]
2018-02-14 09:20:51 URL:https://developers.facebook.com/docs/graph-api/reference/page/curated_collections/ [834171] -> "developers.facebook.com/docs/graph-api/reference/page/curated_collections/index.html" [1]
2018-02-14 09:20:57 URL:https://developers.facebook.com/docs/graph-api/reference/page/custom_labels/ [834311] -> "developers.facebook.com/docs/graph-api/reference/page/custom_labels/index.html" [1]
2018-02-14 09:21:01 URL:https://developers.facebook.com/docs/graph-api/reference/page/events/ [839472] -> "developers.facebook.com/docs/graph-api/reference/page/events/index.html" [1]
2018-02-14 09:21:05 URL:https://developers.facebook.com/docs/graph-api/reference/page/featured_videos_collection/ [834541] -> "developers.facebook.com/docs/graph-api/reference/page/featured_videos_collection/index.html" [1]
2018-02-14 09:21:08 URL:https://developers.facebook.com/docs/graph-api/reference/page/global_brand_children/ [834382] -> "developers.facebook.com/docs/graph-api/reference/page/global_brand_children/index.html" [1]
2018-02-14 09:21:12 URL:https://developers.facebook.com/docs/graph-api/reference/page/insights/ [836960] -> "developers.facebook.com/docs/graph-api/reference/page/insights/index.html" [1]
2018-02-14 09:21:16 URL:https://developers.facebook.com/docs/graph-api/reference/page/instant_articles/ [837870] -> "developers.facebook.com/docs/graph-api/reference/page/instant_articles/index.html" [1]
2018-02-14 09:21:19 URL:https://developers.facebook.com/docs/graph-api/reference/instant-articles-insights-aggregated [835829] -> "developers.facebook.com/docs/graph-api/reference/instant-articles-insights-aggregated" [1]
2018-02-14 09:21:22 URL:https://developers.facebook.com/docs/graph-api/reference/page/labels/ [835660] -> "developers.facebook.com/docs/graph-api/reference/page/labels/index.html" [1]
2018-02-14 09:21:26 URL:https://developers.facebook.com/docs/graph-api/reference/page/leadgen_conditional_questions_group/ [836127] -> "developers.facebook.com/docs/graph-api/reference/page/leadgen_conditional_questions_group/index.html" [1]
2018-02-14 09:21:30 URL:https://developers.facebook.com/docs/graph-api/reference/page/leadgen_context_cards/ [836269] -> "developers.facebook.com/docs/graph-api/reference/page/leadgen_context_cards/index.html" [1]
2018-02-14 09:21:34 URL:https://developers.facebook.com/docs/graph-api/reference/page/leadgen_draft_forms/ [846166] -> "developers.facebook.com/docs/graph-api/reference/page/leadgen_draft_forms/index.html" [1]
2018-02-14 09:21:38 URL:https://developers.facebook.com/docs/graph-api/reference/page/leadgen_forms/ [850237] -> "developers.facebook.com/docs/graph-api/reference/page/leadgen_forms/index.html" [1]
2018-02-14 09:21:42 URL:https://developers.facebook.com/docs/graph-api/reference/page/leadgen_legal_content/ [838777] -> "developers.facebook.com/docs/graph-api/reference/page/leadgen_legal_content/index.html" [1]
2018-02-14 09:21:46 URL:https://developers.facebook.com/docs/graph-api/reference/page/leadgen_qualifiers/ [834182] -> "developers.facebook.com/docs/graph-api/reference/page/leadgen_qualifiers/index.html" [1]
2018-02-14 09:21:50 URL:https://developers.facebook.com/docs/graph-api/reference/page/leadgen_whitelisted_users/ [841311] -> "developers.facebook.com/docs/graph-api/reference/page/leadgen_whitelisted_users/index.html" [1]
2018-02-14 09:21:54 URL:https://developers.facebook.com/docs/graph-api/reference/page/likes/ [835634] -> "developers.facebook.com/docs/graph-api/reference/page/likes/index.html" [1]
2018-02-14 09:21:58 URL:https://developers.facebook.com/docs/graph-api/reference/page/live_videos/ [850017] -> "developers.facebook.com/docs/graph-api/reference/page/live_videos/index.html" [1]
2018-02-14 09:21:59 URL:https://developers.facebook.com/docs/graph-api/reference/page/locations/ [854153] -> "developers.facebook.com/docs/graph-api/reference/page/locations/index.html" [1]
2018-02-14 09:22:04 URL:https://developers.facebook.com/docs/graph-api/reference/page/media_fingerprints/ [837986] -> "developers.facebook.com/docs/graph-api/reference/page/media_fingerprints/index.html" [1]
2018-02-14 09:22:07 URL:https://developers.facebook.com/docs/graph-api/reference/page/messaging_feature_review/ [834272] -> "developers.facebook.com/docs/graph-api/reference/page/messaging_feature_review/index.html" [1]
2018-02-14 09:22:09 URL:https://developers.facebook.com/docs/graph-api/reference/page/messenger_profile/ [825436] -> "developers.facebook.com/docs/graph-api/reference/page/messenger_profile/index.html" [1]
2018-02-14 09:22:13 URL:https://developers.facebook.com/docs/graph-api/reference/page/nativeoffers/ [840052] -> "developers.facebook.com/docs/graph-api/reference/page/nativeoffers/index.html" [1]
2018-02-14 09:22:15 URL:https://developers.facebook.com/docs/graph-api/reference/note [803045] -> "developers.facebook.com/docs/graph-api/reference/note.1" [1]
2018-02-14 09:22:17 URL:https://developers.facebook.com/docs/graph-api/reference/page/notifications [826012] -> "developers.facebook.com/docs/graph-api/reference/page/notifications" [1]
2018-02-14 09:22:22 URL:https://developers.facebook.com/docs/graph-api/reference/page/pending_users/ [838383] -> "developers.facebook.com/docs/graph-api/reference/page/pending_users/index.html" [1]
2018-02-14 09:22:28 URL:https://developers.facebook.com/docs/graph-api/reference/page/photos/ [883936] -> "developers.facebook.com/docs/graph-api/reference/page/photos/index.html" [1]
2018-02-14 09:22:32 URL:https://developers.facebook.com/docs/graph-api/reference/page/picture/ [841605] -> "developers.facebook.com/docs/graph-api/reference/page/picture/index.html" [1]
2018-02-14 09:22:36 URL:https://developers.facebook.com/docs/graph-api/reference/page/place_topics/ [833913] -> "developers.facebook.com/docs/graph-api/reference/page/place_topics/index.html" [1]
2018-02-14 09:22:40 URL:https://developers.facebook.com/docs/graph-api/reference/page/product_catalogs/ [833976] -> "developers.facebook.com/docs/graph-api/reference/page/product_catalogs/index.html" [1]
2018-02-14 09:22:44 URL:https://developers.facebook.com/docs/graph-api/reference/page/published_posts/ [840392] -> "developers.facebook.com/docs/graph-api/reference/page/published_posts/index.html" [1]
2018-02-14 09:22:45 URL:https://developers.facebook.com/docs/graph-api/reference/question [828937] -> "developers.facebook.com/docs/graph-api/reference/question" [1]
2018-02-14 09:22:49 URL:https://developers.facebook.com/docs/graph-api/reference/page/ratings/ [839392] -> "developers.facebook.com/docs/graph-api/reference/page/ratings/index.html" [1]
2018-02-14 09:22:52 URL:https://developers.facebook.com/docs/graph-api/reference/page/restaurant_orders/ [833726] -> "developers.facebook.com/docs/graph-api/reference/page/restaurant_orders/index.html" [1]
2018-02-14 09:22:57 URL:https://developers.facebook.com/docs/graph-api/reference/page/roles/ [836744] -> "developers.facebook.com/docs/graph-api/reference/page/roles/index.html" [1]
2018-02-14 09:23:01 URL:https://developers.facebook.com/docs/graph-api/reference/page/saved_filters/ [836423] -> "developers.facebook.com/docs/graph-api/reference/page/saved_filters/index.html" [1]
2018-02-14 09:23:05 URL:https://developers.facebook.com/docs/graph-api/reference/page/saved_message_responses/ [836600] -> "developers.facebook.com/docs/graph-api/reference/page/saved_message_responses/index.html" [1]
2018-02-14 09:23:09 URL:https://developers.facebook.com/docs/graph-api/reference/page/scheduled_posts/ [834516] -> "developers.facebook.com/docs/graph-api/reference/page/scheduled_posts/index.html" [1]
2018-02-14 09:23:13 URL:https://developers.facebook.com/docs/graph-api/reference/page/screennames/ [834290] -> "developers.facebook.com/docs/graph-api/reference/page/screennames/index.html" [1]
2018-02-14 09:23:17 URL:https://developers.facebook.com/docs/graph-api/reference/page/seasons/ [833878] -> "developers.facebook.com/docs/graph-api/reference/page/seasons/index.html" [1]
2018-02-14 09:23:21 URL:https://developers.facebook.com/docs/graph-api/reference/page/secondary_receivers/ [834572] -> "developers.facebook.com/docs/graph-api/reference/page/secondary_receivers/index.html" [1]
2018-02-14 09:23:25 URL:https://developers.facebook.com/docs/graph-api/reference/page/settings/ [848216] -> "developers.facebook.com/docs/graph-api/reference/page/settings/index.html" [1]
2018-02-14 09:23:28 URL:https://developers.facebook.com/docs/graph-api/reference/page/show_playlists/ [833994] -> "developers.facebook.com/docs/graph-api/reference/page/show_playlists/index.html" [1]
2018-02-14 09:23:32 URL:https://developers.facebook.com/docs/graph-api/reference/page/subscribed_apps/ [837477] -> "developers.facebook.com/docs/graph-api/reference/page/subscribed_apps/index.html" [1]
2018-02-14 09:23:36 URL:https://developers.facebook.com/docs/graph-api/reference/page/tabs/ [838645] -> "developers.facebook.com/docs/graph-api/reference/page/tabs/index.html" [1]
2018-02-14 09:23:40 URL:https://developers.facebook.com/docs/graph-api/reference/page/tagged/ [834795] -> "developers.facebook.com/docs/graph-api/reference/page/tagged/index.html" [1]
2018-02-14 09:23:44 URL:https://developers.facebook.com/docs/graph-api/reference/page/thread_settings/ [839561] -> "developers.facebook.com/docs/graph-api/reference/page/thread_settings/index.html" [1]
2018-02-14 09:23:48 URL:https://developers.facebook.com/docs/graph-api/reference/page/tours/ [833779] -> "developers.facebook.com/docs/graph-api/reference/page/tours/index.html" [1]
2018-02-14 09:23:52 URL:https://developers.facebook.com/docs/graph-api/reference/page/video_broadcasts/ [838846] -> "developers.facebook.com/docs/graph-api/reference/page/video_broadcasts/index.html" [1]
2018-02-14 09:23:56 URL:https://developers.facebook.com/docs/graph-api/reference/page/video_copyright_rules/ [839885] -> "developers.facebook.com/docs/graph-api/reference/page/video_copyright_rules/index.html" [1]
2018-02-14 09:24:00 URL:https://developers.facebook.com/docs/graph-api/reference/page/video_copyrights/ [845834] -> "developers.facebook.com/docs/graph-api/reference/page/video_copyrights/index.html" [1]
2018-02-14 09:24:03 URL:https://developers.facebook.com/docs/graph-api/reference/page/video_lists/ [836826] -> "developers.facebook.com/docs/graph-api/reference/page/video_lists/index.html" [1]
2018-02-14 09:24:07 URL:https://developers.facebook.com/docs/graph-api/reference/page/video_media_copyrights/ [834949] -> "developers.facebook.com/docs/graph-api/reference/page/video_media_copyrights/index.html" [1]
2018-02-14 09:24:11 URL:https://developers.facebook.com/docs/graph-api/reference/page/videos/ [881741] -> "developers.facebook.com/docs/graph-api/reference/page/videos/index.html" [1]
2018-02-14 09:24:15 URL:https://developers.facebook.com/docs/graph-api/reference/page/videos_you_can_use/ [834285] -> "developers.facebook.com/docs/graph-api/reference/page/videos_you_can_use/index.html" [1]
2018-02-14 09:24:19 URL:https://developers.facebook.com/docs/graph-api/reference/page/visitor_posts/ [834440] -> "developers.facebook.com/docs/graph-api/reference/page/visitor_posts/index.html" [1]
2018-02-14 09:24:23 URL:https://developers.facebook.com/docs/graph-api/reference/app-links/ [832196] -> "developers.facebook.com/docs/graph-api/reference/app-links/index.html" [1]
2018-02-14 09:24:25 URL:https://developers.facebook.com/docs/graph-api/reference/page-category/ [820590] -> "developers.facebook.com/docs/graph-api/reference/page-category/index.html" [1]
2018-02-14 09:24:28 URL:https://developers.facebook.com/docs/graph-api/reference/engagement/ [826802] -> "developers.facebook.com/docs/graph-api/reference/engagement/index.html" [1]
2018-02-14 09:24:32 URL:https://developers.facebook.com/docs/graph-api/reference/location/ [835861] -> "developers.facebook.com/docs/graph-api/reference/location/index.html" [1]
2018-02-14 09:24:36 URL:https://developers.facebook.com/docs/graph-api/reference/page-parking/ [825749] -> "developers.facebook.com/docs/graph-api/reference/page-parking/index.html" [1]
2018-02-14 09:24:37 URL:https://developers.facebook.com/docs/graph-api/reference/page-payment-options/ [826459] -> "developers.facebook.com/docs/graph-api/reference/page-payment-options/index.html" [1]
2018-02-14 09:24:41 URL:https://developers.facebook.com/docs/graph-api/reference/page-restaurant-services/ [828122] -> "developers.facebook.com/docs/graph-api/reference/page-restaurant-services/index.html" [1]
2018-02-14 09:24:44 URL:https://developers.facebook.com/docs/graph-api/reference/page-restaurant-specialties/ [831077] -> "developers.facebook.com/docs/graph-api/reference/page-restaurant-specialties/index.html" [1]
2018-02-14 09:24:48 URL:https://developers.facebook.com/docs/graph-api/reference/page-start-info/ [825205] -> "developers.facebook.com/docs/graph-api/reference/page-start-info/index.html" [1]
2018-02-14 09:24:52 URL:https://developers.facebook.com/docs/graph-api/reference/voip-info/ [826720] -> "developers.facebook.com/docs/graph-api/reference/voip-info/index.html" [1]
2018-02-14 09:24:55 URL:https://developers.facebook.com/docs/graph-api/reference/page/pass_thread_control/ [830813] -> "developers.facebook.com/docs/graph-api/reference/page/pass_thread_control/index.html" [1]
2018-02-14 09:24:59 URL:https://developers.facebook.com/docs/graph-api/reference/page/personas/ [829422] -> "developers.facebook.com/docs/graph-api/reference/page/personas/index.html" [1]
2018-02-14 09:25:04 URL:https://developers.facebook.com/docs/graph-api/reference/page/copyright_manual_claims/ [835114] -> "developers.facebook.com/docs/graph-api/reference/page/copyright_manual_claims/index.html" [1]
https://developers.facebook.com/docs/graph-api/reference/page/page_backed_instagram_accounts/:
2018-02-14 09:25:05 ERROR 404: Not Found.
https://developers.facebook.com/docs/graph-api/reference/page/canvases/:
2018-02-14 09:25:07 ERROR 404: Not Found.
https://developers.facebook.com/docs/graph-api/reference/page-block-list/:
2018-02-14 09:25:07 ERROR 404: Not Found.
2018-02-14 09:25:11 URL:https://developers.facebook.com/docs/graph-api/reference/page/instant_articles_publish/ [834405] -> "developers.facebook.com/docs/graph-api/reference/page/instant_articles_publish/index.html" [1]
2018-02-14 09:25:15 URL:https://developers.facebook.com/docs/graph-api/reference/page-label/users/ [832000] -> "developers.facebook.com/docs/graph-api/reference/page-label/users/index.html" [1]
2018-02-14 09:25:20 URL:https://developers.facebook.com/docs/graph-api/reference/application/app_insights [858285] -> "developers.facebook.com/docs/graph-api/reference/v2.1/app/app_insights" [1]
2018-02-14 09:25:21 URL:https://developers.facebook.com/docs/graph-api/reference/v2.8/insights_result [819302] -> "developers.facebook.com/docs/graph-api/reference/v2.8/insights_result" [1]
2018-02-14 09:25:25 URL:https://developers.facebook.com/docs/graph-api/reference/insights-result/ [826805] -> "developers.facebook.com/docs/graph-api/reference/insights-result/index.html" [1]
2018-02-14 09:25:28 URL:https://developers.facebook.com/docs/graph-api/reference/payment/dispute [835790] -> "developers.facebook.com/docs/graph-api/reference/payment/dispute" [1]
2018-02-14 09:25:32 URL:https://developers.facebook.com/docs/graph-api/reference/payment/refunds [832070] -> "developers.facebook.com/docs/graph-api/reference/payment/refunds" [1]
2018-02-14 09:25:36 URL:https://developers.facebook.com/docs/graph-api/reference/photo/insights/ [827777] -> "developers.facebook.com/docs/graph-api/reference/photo/insights/index.html" [1]
2018-02-14 09:25:40 URL:https://developers.facebook.com/docs/graph-api/reference/photo/likes/ [832994] -> "developers.facebook.com/docs/graph-api/reference/photo/likes/index.html" [1]
2018-02-14 09:25:44 URL:https://developers.facebook.com/docs/graph-api/reference/photo/reactions/ [828273] -> "developers.facebook.com/docs/graph-api/reference/photo/reactions/index.html" [1]
2018-02-14 09:25:47 URL:https://developers.facebook.com/docs/graph-api/reference/photo/sharedposts/ [826037] -> "developers.facebook.com/docs/graph-api/reference/photo/sharedposts/index.html" [1]
2018-02-14 09:25:50 URL:https://developers.facebook.com/docs/graph-api/reference/photo/sponsor_tags/ [825720] -> "developers.facebook.com/docs/graph-api/reference/photo/sponsor_tags/index.html" [1]
2018-02-14 09:25:54 URL:https://developers.facebook.com/docs/graph-api/reference/photo/tags/ [834548] -> "developers.facebook.com/docs/graph-api/reference/photo/tags/index.html" [1]
2018-02-14 09:25:58 URL:https://developers.facebook.com/docs/graph-api/reference/platform-image-source/ [825537] -> "developers.facebook.com/docs/graph-api/reference/platform-image-source/index.html" [1]
2018-02-14 09:26:01 URL:https://developers.facebook.com/docs/graph-api/reference/entity-at-text-range/ [826646] -> "developers.facebook.com/docs/graph-api/reference/entity-at-text-range/index.html" [1]
2018-02-14 09:26:04 URL:https://developers.facebook.com/docs/graph-api/reference/attachment [824709] -> "developers.facebook.com/docs/graph-api/reference/attachment" [1]
2018-02-14 09:26:08 URL:https://developers.facebook.com/docs/graph-api/reference/rtb-dynamic-post/comments/ [832706] -> "developers.facebook.com/docs/graph-api/reference/rtb-dynamic-post/comments/index.html" [1]
2018-02-14 09:26:11 URL:https://developers.facebook.com/docs/graph-api/reference/rtb-dynamic-post/likes/ [826385] -> "developers.facebook.com/docs/graph-api/reference/rtb-dynamic-post/likes/index.html" [1]
2018-02-14 09:26:15 URL:https://developers.facebook.com/docs/graph-api/reference/user/apprequests/ [832867] -> "developers.facebook.com/docs/graph-api/reference/user/apprequests/index.html" [1]
2018-02-14 09:26:19 URL:https://developers.facebook.com/docs/graph-api/reference/saved-message-response/macros/ [825365] -> "developers.facebook.com/docs/graph-api/reference/saved-message-response/macros/index.html" [1]
2018-02-14 09:26:22 URL:https://developers.facebook.com/docs/graph-api/reference/test-user/friends [837337] -> "developers.facebook.com/docs/graph-api/reference/test-user/friends" [1]
2018-02-14 09:26:25 URL:https://developers.facebook.com/docs/graph-api/reference/app/accounts/test-users [849164] -> "developers.facebook.com/docs/graph-api/reference/app/accounts/test-users" [1]
2018-02-14 09:26:28 URL:https://developers.facebook.com/docs/graph-api/reference/v2.5/thread [835742] -> "developers.facebook.com/docs/graph-api/reference/v2.5/thread" [1]
2018-02-14 09:26:31 URL:https://developers.facebook.com/docs/graph-api/reference/user/accounts/ [837421] -> "developers.facebook.com/docs/graph-api/reference/user/accounts/index.html" [1]
2018-02-14 09:26:35 URL:https://developers.facebook.com/docs/graph-api/reference/user/achievements/ [838729] -> "developers.facebook.com/docs/graph-api/reference/user/achievements/index.html" [1]
2018-02-14 09:26:38 URL:https://developers.facebook.com/docs/graph-api/reference/user/ad_studies/ [833428] -> "developers.facebook.com/docs/graph-api/reference/user/ad_studies/index.html" [1]
2018-02-14 09:26:42 URL:https://developers.facebook.com/docs/graph-api/reference/user/adaccounts/ [834077] -> "developers.facebook.com/docs/graph-api/reference/user/adaccounts/index.html" [1]
2018-02-14 09:26:46 URL:https://developers.facebook.com/docs/graph-api/reference/user/adcontracts/ [833513] -> "developers.facebook.com/docs/graph-api/reference/user/adcontracts/index.html" [1]
2018-02-14 09:26:50 URL:https://developers.facebook.com/docs/graph-api/reference/user/adnetworkanalytics/ [839954] -> "developers.facebook.com/docs/graph-api/reference/user/adnetworkanalytics/index.html" [1]
2018-02-14 09:26:54 URL:https://developers.facebook.com/docs/graph-api/reference/user/albums/ [841380] -> "developers.facebook.com/docs/graph-api/reference/user/albums/index.html" [1]
2018-02-14 09:26:58 URL:https://developers.facebook.com/docs/graph-api/reference/user/apprequestformerrecipients/ [833328] -> "developers.facebook.com/docs/graph-api/reference/user/apprequestformerrecipients/index.html" [1]
2018-02-14 09:27:02 URL:https://developers.facebook.com/docs/graph-api/reference/user/asset3ds/ [837008] -> "developers.facebook.com/docs/graph-api/reference/user/asset3ds/index.html" [1]
2018-02-14 09:27:06 URL:https://developers.facebook.com/docs/graph-api/reference/user/assigned_ad_accounts/ [834440] -> "developers.facebook.com/docs/graph-api/reference/user/assigned_ad_accounts/index.html" [1]
2018-02-14 09:27:10 URL:https://developers.facebook.com/docs/graph-api/reference/user/assigned_monetization_properties/ [834858] -> "developers.facebook.com/docs/graph-api/reference/user/assigned_monetization_properties/index.html" [1]
2018-02-14 09:27:14 URL:https://developers.facebook.com/docs/graph-api/reference/user/assigned_pages/ [838684] -> "developers.facebook.com/docs/graph-api/reference/user/assigned_pages/index.html" [1]
2018-02-14 09:27:18 URL:https://developers.facebook.com/docs/graph-api/reference/user/assigned_product_catalogs/ [834806] -> "developers.facebook.com/docs/graph-api/reference/user/assigned_product_catalogs/index.html" [1]
2018-02-14 09:27:23 URL:https://developers.facebook.com/docs/graph-api/reference/user/books/ [834337] -> "developers.facebook.com/docs/graph-api/reference/user/books/index.html" [1]
2018-02-14 09:27:27 URL:https://developers.facebook.com/docs/graph-api/reference/user/business_activities/ [833720] -> "developers.facebook.com/docs/graph-api/reference/user/business_activities/index.html" [1]
2018-02-14 09:27:31 URL:https://developers.facebook.com/docs/graph-api/reference/user/business_users/ [833651] -> "developers.facebook.com/docs/graph-api/reference/user/business_users/index.html" [1]
2018-02-14 09:27:35 URL:https://developers.facebook.com/docs/graph-api/reference/user/businesses/ [834919] -> "developers.facebook.com/docs/graph-api/reference/user/businesses/index.html" [1]
2018-02-14 09:27:38 URL:https://developers.facebook.com/docs/graph-api/reference/user/checkins [816260] -> "developers.facebook.com/docs/graph-api/reference/user/checkins" [1]
2018-02-14 09:27:42 URL:https://developers.facebook.com/docs/graph-api/reference/user/conversations/ [833845] -> "developers.facebook.com/docs/graph-api/reference/user/conversations/index.html" [1]
2018-02-14 09:27:47 URL:https://developers.facebook.com/docs/graph-api/reference/user/curated_collections/ [837260] -> "developers.facebook.com/docs/graph-api/reference/user/curated_collections/index.html" [1]
2018-02-14 09:27:51 URL:https://developers.facebook.com/docs/graph-api/reference/user/custom_labels/ [832876] -> "developers.facebook.com/docs/graph-api/reference/user/custom_labels/index.html" [1]
2018-02-14 09:27:55 URL:https://developers.facebook.com/docs/graph-api/reference/user/domains/ [832969] -> "developers.facebook.com/docs/graph-api/reference/user/domains/index.html" [1]
2018-02-14 09:27:59 URL:https://developers.facebook.com/docs/graph-api/reference/user/events/ [837982] -> "developers.facebook.com/docs/graph-api/reference/user/events/index.html" [1]
2018-02-14 09:28:03 URL:https://developers.facebook.com/docs/graph-api/reference/user/family [833279] -> "developers.facebook.com/docs/graph-api/reference/user/family" [1]
2018-02-14 09:28:07 URL:https://developers.facebook.com/docs/graph-api/reference/user/favorite_requests/ [835667] -> "developers.facebook.com/docs/graph-api/reference/user/favorite_requests/index.html" [1]
2018-02-14 09:28:11 URL:https://developers.facebook.com/docs/graph-api/reference/user/friendrequests [836512] -> "developers.facebook.com/docs/graph-api/reference/user/friendrequests" [1]
2018-02-14 09:28:15 URL:https://developers.facebook.com/docs/graph-api/reference/user/friends [834029] -> "developers.facebook.com/docs/graph-api/reference/user/friends" [1]
2018-02-14 09:28:18 URL:https://developers.facebook.com/docs/graph-api/reference/user/games/ [834128] -> "developers.facebook.com/docs/graph-api/reference/user/games/index.html" [1]
2018-02-14 09:28:22 URL:https://developers.facebook.com/docs/graph-api/reference/user/home [840000] -> "developers.facebook.com/docs/graph-api/reference/user/home" [1]
2018-02-14 09:28:26 URL:https://developers.facebook.com/docs/graph-api/reference/user/ids_for_apps/ [833613] -> "developers.facebook.com/docs/graph-api/reference/user/ids_for_apps/index.html" [1]
2018-02-14 09:28:30 URL:https://developers.facebook.com/docs/graph-api/reference/user/ids_for_business/ [833621] -> "developers.facebook.com/docs/graph-api/reference/user/ids_for_business/index.html" [1]
2018-02-14 09:28:34 URL:https://developers.facebook.com/docs/graph-api/reference/user/ids_for_pages/ [833770] -> "developers.facebook.com/docs/graph-api/reference/user/ids_for_pages/index.html" [1]
2018-02-14 09:28:38 URL:https://developers.facebook.com/docs/graph-api/reference/user/invitable_friends/ [833772] -> "developers.facebook.com/docs/graph-api/reference/user/invitable_friends/index.html" [1]
2018-02-14 09:28:42 URL:https://developers.facebook.com/docs/graph-api/reference/user/leadgen_forms/ [833975] -> "developers.facebook.com/docs/graph-api/reference/user/leadgen_forms/index.html" [1]
2018-02-14 09:28:46 URL:https://developers.facebook.com/docs/graph-api/reference/user/likes/ [838988] -> "developers.facebook.com/docs/graph-api/reference/user/likes/index.html" [1]
2018-02-14 09:28:50 URL:https://developers.facebook.com/docs/graph-api/reference/user/live_videos/ [844005] -> "developers.facebook.com/docs/graph-api/reference/user/live_videos/index.html" [1]
2018-02-14 09:28:53 URL:https://developers.facebook.com/docs/graph-api/reference/user/locations [824200] -> "developers.facebook.com/docs/graph-api/reference/user/locations" [1]
2018-02-14 09:28:57 URL:https://developers.facebook.com/docs/graph-api/reference/user/movies/ [834425] -> "developers.facebook.com/docs/graph-api/reference/user/movies/index.html" [1]
2018-02-14 09:29:01 URL:https://developers.facebook.com/docs/graph-api/reference/user/music/ [834780] -> "developers.facebook.com/docs/graph-api/reference/user/music/index.html" [1]
2018-02-14 09:29:04 URL:https://developers.facebook.com/docs/graph-api/reference/user/mutualfriends [821136] -> "developers.facebook.com/docs/graph-api/reference/user/mutualfriends" [1]
2018-02-14 09:29:08 URL:https://developers.facebook.com/docs/graph-api/reference/user/notifications [829466] -> "developers.facebook.com/docs/graph-api/reference/user/notifications" [1]
2018-02-14 09:29:11 URL:https://developers.facebook.com/docs/graph-api/reference/user/objects/ [833430] -> "developers.facebook.com/docs/graph-api/reference/user/objects/index.html" [1]
2018-02-14 09:29:13 URL:https://developers.facebook.com/docs/graph-api/reference/user/outbox [843473] -> "developers.facebook.com/docs/graph-api/reference/user/outbox" [1]
2018-02-14 09:29:17 URL:https://developers.facebook.com/docs/graph-api/reference/user/permissions/ [840385] -> "developers.facebook.com/docs/graph-api/reference/user/permissions/index.html" [1]
2018-02-14 09:29:21 URL:https://developers.facebook.com/docs/graph-api/reference/user/personal_ad_accounts/ [833933] -> "developers.facebook.com/docs/graph-api/reference/user/personal_ad_accounts/index.html" [1]
2018-02-14 09:29:25 URL:https://developers.facebook.com/docs/graph-api/reference/user/picture/ [838428] -> "developers.facebook.com/docs/graph-api/reference/user/picture/index.html" [1]
2018-02-14 09:29:29 URL:https://developers.facebook.com/docs/graph-api/reference/user/promotable_domains/ [833643] -> "developers.facebook.com/docs/graph-api/reference/user/promotable_domains/index.html" [1]
2018-02-14 09:29:33 URL:https://developers.facebook.com/docs/graph-api/reference/user/promotable_events/ [834768] -> "developers.facebook.com/docs/graph-api/reference/user/promotable_events/index.html" [1]
2018-02-14 09:29:36 URL:https://developers.facebook.com/docs/graph-api/reference/user/questions [816436] -> "developers.facebook.com/docs/graph-api/reference/user/questions" [1]
2018-02-14 09:29:40 URL:https://developers.facebook.com/docs/graph-api/reference/user/request_history/ [833194] -> "developers.facebook.com/docs/graph-api/reference/user/request_history/index.html" [1]
2018-02-14 09:29:43 URL:https://developers.facebook.com/docs/graph-api/reference/user/scores [856780] -> "developers.facebook.com/docs/graph-api/reference/user/scores" [1]
2018-02-14 09:29:48 URL:https://developers.facebook.com/docs/graph-api/reference/user/session_keys/ [837212] -> "developers.facebook.com/docs/graph-api/reference/user/session_keys/index.html" [1]
2018-02-14 09:29:52 URL:https://developers.facebook.com/docs/graph-api/reference/user/stream_filters/ [832886] -> "developers.facebook.com/docs/graph-api/reference/user/stream_filters/index.html" [1]
2018-02-14 09:29:53 URL:https://developers.facebook.com/docs/graph-api/reference/user/subscribedto [816223] -> "developers.facebook.com/docs/graph-api/reference/user/subscribedto" [1]
2018-02-14 09:29:56 URL:https://developers.facebook.com/docs/graph-api/reference/user/subscribers [816243] -> "developers.facebook.com/docs/graph-api/reference/user/subscribers" [1]
2018-02-14 09:30:00 URL:https://developers.facebook.com/docs/graph-api/reference/user/taggable_friends/ [833353] -> "developers.facebook.com/docs/graph-api/reference/user/taggable_friends/index.html" [1]
2018-02-14 09:30:04 URL:https://developers.facebook.com/docs/graph-api/reference/user/tagged_places/ [833244] -> "developers.facebook.com/docs/graph-api/reference/user/tagged_places/index.html" [1]
2018-02-14 09:30:07 URL:https://developers.facebook.com/docs/graph-api/reference/user/television/ [838924] -> "developers.facebook.com/docs/graph-api/reference/user/television/index.html" [1]
2018-02-14 09:30:11 URL:https://developers.facebook.com/docs/graph-api/reference/user/threads/ [837806] -> "developers.facebook.com/docs/graph-api/reference/user/threads/index.html" [1]
2018-02-14 09:30:15 URL:https://developers.facebook.com/docs/graph-api/reference/user/video_broadcasts/ [833010] -> "developers.facebook.com/docs/graph-api/reference/user/video_broadcasts/index.html" [1]
2018-02-14 09:30:19 URL:https://developers.facebook.com/docs/graph-api/reference/user/videos/ [856297] -> "developers.facebook.com/docs/graph-api/reference/user/videos/index.html" [1]
2018-02-14 09:30:23 URL:https://developers.facebook.com/docs/graph-api/reference/age-range/ [825466] -> "developers.facebook.com/docs/graph-api/reference/age-range/index.html" [1]
2018-02-14 09:30:27 URL:https://developers.facebook.com/docs/graph-api/reference/currency/ [830212] -> "developers.facebook.com/docs/graph-api/reference/currency/index.html" [1]
2018-02-14 09:30:31 URL:https://developers.facebook.com/docs/graph-api/reference/user-device/ [824912] -> "developers.facebook.com/docs/graph-api/reference/user-device/index.html" [1]
2018-02-14 09:30:34 URL:https://developers.facebook.com/docs/graph-api/reference/payment-pricepoints/ [825433] -> "developers.facebook.com/docs/graph-api/reference/payment-pricepoints/index.html" [1]
2018-02-14 09:30:38 URL:https://developers.facebook.com/docs/graph-api/reference/security-settings/ [824949] -> "developers.facebook.com/docs/graph-api/reference/security-settings/index.html" [1]
2018-02-14 09:30:41 URL:https://developers.facebook.com/docs/graph-api/reference/video-upload-limits/ [825160] -> "developers.facebook.com/docs/graph-api/reference/video-upload-limits/index.html" [1]
2018-02-14 09:30:45 URL:https://developers.facebook.com/docs/graph-api/reference/user/paymentaccountemails/ [832714] -> "developers.facebook.com/docs/graph-api/reference/user/paymentaccountemails/index.html" [1]
2018-02-14 09:30:49 URL:https://developers.facebook.com/docs/graph-api/reference/user/paymentaccountphones/ [832905] -> "developers.facebook.com/docs/graph-api/reference/user/paymentaccountphones/index.html" [1]
2018-02-14 09:30:52 URL:https://developers.facebook.com/docs/graph-api/reference/user/notifications/ [829252] -> "developers.facebook.com/docs/graph-api/reference/user/notifications/index.html" [1]
2018-02-14 09:30:56 URL:https://developers.facebook.com/docs/graph-api/reference/user/moments_link_invite/ [828746] -> "developers.facebook.com/docs/graph-api/reference/user/moments_link_invite/index.html" [1]
2018-02-14 09:31:00 URL:https://developers.facebook.com/docs/graph-api/reference/user/moments_link_invite_convert/ [829238] -> "developers.facebook.com/docs/graph-api/reference/user/moments_link_invite_convert/index.html" [1]
2018-02-14 09:31:04 URL:https://developers.facebook.com/docs/graph-api/reference/user/moments_universal_link_invite/ [832748] -> "developers.facebook.com/docs/graph-api/reference/user/moments_universal_link_invite/index.html" [1]
https://developers.facebook.com/docs/graph-api/reference/user/games_stats/:
2018-02-14 09:31:06 ERROR 404: Not Found.
2018-02-14 09:31:08 URL:https://developers.facebook.com/docs/graph-api/reference/user-context/all_mutual_friends/ [840739] -> "developers.facebook.com/docs/graph-api/reference/user-context/all_mutual_friends/index.html" [1]
2018-02-14 09:31:11 URL:https://developers.facebook.com/docs/graph-api/reference/user-context/mutual_friends/ [826743] -> "developers.facebook.com/docs/graph-api/reference/user-context/mutual_friends/index.html" [1]
2018-02-14 09:31:15 URL:https://developers.facebook.com/docs/graph-api/reference/user-context/mutual_likes/ [826662] -> "developers.facebook.com/docs/graph-api/reference/user-context/mutual_likes/index.html" [1]
2018-02-14 09:31:18 URL:https://developers.facebook.com/docs/graph-api/reference/user-context/three_degree_mutual_friends/ [831274] -> "developers.facebook.com/docs/graph-api/reference/user-context/three_degree_mutual_friends/index.html" [1]
2018-02-14 09:31:22 URL:https://developers.facebook.com/docs/graph-api/reference/video/auto_generated_captions/ [831282] -> "developers.facebook.com/docs/graph-api/reference/video/auto_generated_captions/index.html" [1]
2018-02-14 09:31:26 URL:https://developers.facebook.com/docs/graph-api/reference/video/captions/ [834558] -> "developers.facebook.com/docs/graph-api/reference/video/captions/index.html" [1]
2018-02-14 09:31:30 URL:https://developers.facebook.com/docs/graph-api/reference/video/comments/ [831825] -> "developers.facebook.com/docs/graph-api/reference/video/comments/index.html" [1]
2018-02-14 09:31:33 URL:https://developers.facebook.com/docs/graph-api/reference/video/crosspost_shared_pages/ [827336] -> "developers.facebook.com/docs/graph-api/reference/video/crosspost_shared_pages/index.html" [1]
2018-02-14 09:31:37 URL:https://developers.facebook.com/docs/graph-api/reference/video/likes/ [831469] -> "developers.facebook.com/docs/graph-api/reference/video/likes/index.html" [1]
2018-02-14 09:31:40 URL:https://developers.facebook.com/docs/graph-api/reference/video/reactions/ [828648] -> "developers.facebook.com/docs/graph-api/reference/video/reactions/index.html" [1]
2018-02-14 09:31:44 URL:https://developers.facebook.com/docs/graph-api/reference/video/sharedposts/ [826736] -> "developers.facebook.com/docs/graph-api/reference/video/sharedposts/index.html" [1]
2018-02-14 09:31:48 URL:https://developers.facebook.com/docs/graph-api/reference/video/sponsor_tags/ [826429] -> "developers.facebook.com/docs/graph-api/reference/video/sponsor_tags/index.html" [1]
2018-02-14 09:31:51 URL:https://developers.facebook.com/docs/graph-api/reference/video/tags/ [831380] -> "developers.facebook.com/docs/graph-api/reference/video/tags/index.html" [1]
2018-02-14 09:31:55 URL:https://developers.facebook.com/docs/graph-api/reference/video/thumbnails/ [832289] -> "developers.facebook.com/docs/graph-api/reference/video/thumbnails/index.html" [1]
2018-02-14 09:31:59 URL:https://developers.facebook.com/docs/graph-api/reference/video/video_insights/ [828041] -> "developers.facebook.com/docs/graph-api/reference/video/video_insights/index.html" [1]
2018-02-14 09:32:03 URL:https://developers.facebook.com/docs/graph-api/reference/video-format/ [830270] -> "developers.facebook.com/docs/graph-api/reference/video-format/index.html" [1]
2018-02-14 09:32:07 URL:https://developers.facebook.com/docs/graph-api/reference/privacy/ [831847] -> "developers.facebook.com/docs/graph-api/reference/privacy/index.html" [1]
2018-02-14 09:32:10 URL:https://developers.facebook.com/docs/graph-api/reference/video-status/ [825217] -> "developers.facebook.com/docs/graph-api/reference/video-status/index.html" [1]
2018-02-14 09:32:13 URL:https://developers.facebook.com/docs/graph-api/reference/group/videos/ [847496] -> "developers.facebook.com/docs/graph-api/reference/group/videos/index.html" [1]
2018-02-14 09:32:17 URL:https://developers.facebook.com/docs/graph-api/reference/video-format [826134] -> "developers.facebook.com/docs/graph-api/reference/video-format.1" [1]
2018-02-14 09:32:20 URL:https://developers.facebook.com/docs/graph-api/reference/video-list/videos/ [827721] -> "developers.facebook.com/docs/graph-api/reference/video-list/videos/index.html" [1]
2018-02-14 09:32:24 URL:https://developers.facebook.com/docs/graph-api/reference/project-experience/ [826847] -> "developers.facebook.com/docs/graph-api/reference/project-experience/index.html" [1]
FINISHED --2018-02-14 09:32:24--
Total wall clock time: 32m 12s
Downloaded: 463 files, 369M in 2m 11s (2.81 MB/s)
